<?xml version="1.0" encoding="UTF-8"?>
<testng-results ignored="0" total="2" passed="2" failed="0" skipped="0">
  <reporter-output>
  </reporter-output>
  <suite started-at="2022-11-18T16:20:11 IST" name="Suite" finished-at="2022-11-18T16:20:32 IST" duration-ms="20735">
    <groups>
    </groups>
    <test started-at="2022-11-18T16:20:11 IST" name="firefox" finished-at="2022-11-18T16:20:25 IST" duration-ms="13570">
      <class name="CrossBrowserTest.CBtest">
        <test-method signature="crossbrowser(java.lang.String)[pri:0, instance:CrossBrowserTest.CBtest@4efc180e]" started-at="2022-11-18T16:20:11 IST" name="crossbrowser" finished-at="2022-11-18T16:20:25 IST" duration-ms="13495" status="PASS">
          <params>
            <param index="0">
              <value>
                <![CDATA[firefox]]>
              </value>
            </param>
          </params>
          <reporter-output>
          </reporter-output>
        </test-method> <!-- crossbrowser -->
      </class> <!-- CrossBrowserTest.CBtest -->
    </test> <!-- firefox -->
    <test started-at="2022-11-18T16:20:25 IST" name="chrome" finished-at="2022-11-18T16:20:32 IST" duration-ms="7056">
      <class name="CrossBrowserTest.CBtest">
        <test-method signature="crossbrowser(java.lang.String)[pri:0, instance:CrossBrowserTest.CBtest@47e2e487]" started-at="2022-11-18T16:20:25 IST" name="crossbrowser" finished-at="2022-11-18T16:20:32 IST" duration-ms="7050" status="PASS">
          <params>
            <param index="0">
              <value>
                <![CDATA[chrome]]>
              </value>
            </param>
          </params>
          <reporter-output>
          </reporter-output>
        </test-method> <!-- crossbrowser -->
      </class> <!-- CrossBrowserTest.CBtest -->
    </test> <!-- chrome -->
  </suite> <!-- Suite -->
</testng-results>
